# JRE version: Java(TM) SE Runtime Environment (8.0_202-b08) (build 1.8.0_202-b08)
# Java VM: Java HotSpot(TM) 64-Bit Server VM (25.202-b08 mixed mode windows-amd64 compressed oops)
Heap:
 PSYoungGen      total 214528K, used 84732K [0x00000000e0800000, 0x00000000ef600000, 0x0000000100000000)
  eden space 200192K, 38% used [0x00000000e0800000,0x00000000e53f73d8,0x00000000ecb80000)
  from space 14336K, 48% used [0x00000000ed900000,0x00000000edfc8000,0x00000000ee700000)
  to   space 13824K, 0% used [0x00000000ecb80000,0x00000000ecb80000,0x00000000ed900000)
 ParOldGen       total 116224K, used 55527K [0x00000000a1800000, 0x00000000a8980000, 0x00000000e0800000)
  object space 116224K, 47% used [0x00000000a1800000,0x00000000a4e39cb8,0x00000000a8980000)
 Metaspace       used 33388K, capacity 33677K, committed 34048K, reserved 1079296K
  class space    used 4187K, capacity 4281K, committed 4352K, reserved 1048576K
GC Heap History (10 events):
Event: 9.277 GC heap before
{Heap before GC invocations=16 (full 1):
 PSYoungGen      total 139264K, used 135684K [0x00000000e0800000, 0x00000000e9e00000, 0x0000000100000000)
  eden space 126464K, 100% used [0x00000000e0800000,0x00000000e8380000,0x00000000e8380000)
  from space 12800K, 72% used [0x00000000e9080000,0x00000000e9981000,0x00000000e9d00000)
  to   space 13312K, 0% used [0x00000000e8380000,0x00000000e8380000,0x00000000e9080000)
 ParOldGen       total 59392K, used 44171K [0x00000000a1800000, 0x00000000a5200000, 0x00000000e0800000)
  object space 59392K, 74% used [0x00000000a1800000,0x00000000a4322c70,0x00000000a5200000)
 Metaspace       used 32000K, capacity 32283K, committed 32640K, reserved 1077248K
  class space    used 4092K, capacity 4200K, committed 4224K, reserved 1048576K
Event: 9.290 GC heap after
Heap after GC invocations=16 (full 1):
 PSYoungGen      total 139776K, used 3883K [0x00000000e0800000, 0x00000000ee000000, 0x0000000100000000)
  eden space 126464K, 0% used [0x00000000e0800000,0x00000000e0800000,0x00000000e8380000)
  from space 13312K, 29% used [0x00000000e8380000,0x00000000e874afc0,0x00000000e9080000)
  to   space 13312K, 0% used [0x00000000ed300000,0x00000000ed300000,0x00000000ee000000)
 ParOldGen       total 59392K, used 53007K [0x00000000a1800000, 0x00000000a5200000, 0x00000000e0800000)
  object space 59392K, 89% used [0x00000000a1800000,0x00000000a4bc3da0,0x00000000a5200000)
 Metaspace       used 32000K, capacity 32283K, committed 32640K, reserved 1077248K
  class space    used 4092K, capacity 4200K, committed 4224K, reserved 1048576K
}
Event: 9.290 GC heap before
{Heap before GC invocations=17 (full 2):
 PSYoungGen      total 139776K, used 3883K [0x00000000e0800000, 0x00000000ee000000, 0x0000000100000000)
  eden space 126464K, 0% used [0x00000000e0800000,0x00000000e0800000,0x00000000e8380000)
  from space 13312K, 29% used [0x00000000e8380000,0x00000000e874afc0,0x00000000e9080000)
  to   space 13312K, 0% used [0x00000000ed300000,0x00000000ed300000,0x00000000ee000000)
 ParOldGen       total 59392K, used 53007K [0x00000000a1800000, 0x00000000a5200000, 0x00000000e0800000)
  object space 59392K, 89% used [0x00000000a1800000,0x00000000a4bc3da0,0x00000000a5200000)
 Metaspace       used 32000K, capacity 32283K, committed 32640K, reserved 1077248K
  class space    used 4092K, capacity 4200K, committed 4224K, reserved 1048576K
Event: 9.607 GC heap after
Heap after GC invocations=17 (full 2):
 PSYoungGen      total 139776K, used 0K [0x00000000e0800000, 0x00000000ee000000, 0x0000000100000000)
  eden space 126464K, 0% used [0x00000000e0800000,0x00000000e0800000,0x00000000e8380000)
  from space 13312K, 0% used [0x00000000e8380000,0x00000000e8380000,0x00000000e9080000)
  to   space 13312K, 0% used [0x00000000ed300000,0x00000000ed300000,0x00000000ee000000)
 ParOldGen       total 116224K, used 53051K [0x00000000a1800000, 0x00000000a8980000, 0x00000000e0800000)
  object space 116224K, 45% used [0x00000000a1800000,0x00000000a4bced50,0x00000000a8980000)
 Metaspace       used 32000K, capacity 32283K, committed 32640K, reserved 1077248K
  class space    used 4092K, capacity 4200K, committed 4224K, reserved 1048576K
}
Event: 10.380 GC heap before
{Heap before GC invocations=18 (full 2):
 PSYoungGen      total 139776K, used 126464K [0x00000000e0800000, 0x00000000ee000000, 0x0000000100000000)
  eden space 126464K, 100% used [0x00000000e0800000,0x00000000e8380000,0x00000000e8380000)
  from space 13312K, 0% used [0x00000000e8380000,0x00000000e8380000,0x00000000e9080000)
  to   space 13312K, 0% used [0x00000000ed300000,0x00000000ed300000,0x00000000ee000000)
 ParOldGen       total 116224K, used 53051K [0x00000000a1800000, 0x00000000a8980000, 0x00000000e0800000)
  object space 116224K, 45% used [0x00000000a1800000,0x00000000a4bced50,0x00000000a8980000)
 Metaspace       used 32025K, capacity 32305K, committed 32640K, reserved 1077248K
  class space    used 4096K, capacity 4207K, committed 4224K, reserved 1048576K
Event: 10.387 GC heap after
Heap after GC invocations=18 (full 2):
 PSYoungGen      total 169472K, used 1904K [0x00000000e0800000, 0x00000000ed500000, 0x0000000100000000)
  eden space 167424K, 0% used [0x00000000e0800000,0x00000000e0800000,0x00000000eab80000)
  from space 2048K, 92% used [0x00000000ed300000,0x00000000ed4dc010,0x00000000ed500000)
  to   space 13312K, 0% used [0x00000000ebb00000,0x00000000ebb00000,0x00000000ec800000)
 ParOldGen       total 116224K, used 53051K [0x00000000a1800000, 0x00000000a8980000, 0x00000000e0800000)
  object space 116224K, 45% used [0x00000000a1800000,0x00000000a4bced50,0x00000000a8980000)
 Metaspace       used 32025K, capacity 32305K, committed 32640K, reserved 1077248K
  class space    used 4096K, capacity 4207K, committed 4224K, reserved 1048576K
}
Event: 11.873 GC heap before
{Heap before GC invocations=19 (full 2):
 PSYoungGen      total 169472K, used 169328K [0x00000000e0800000, 0x00000000ed500000, 0x0000000100000000)
  eden space 167424K, 100% used [0x00000000e0800000,0x00000000eab80000,0x00000000eab80000)
  from space 2048K, 92% used [0x00000000ed300000,0x00000000ed4dc010,0x00000000ed500000)
  to   space 13312K, 0% used [0x00000000ebb00000,0x00000000ebb00000,0x00000000ec800000)
 ParOldGen       total 116224K, used 53051K [0x00000000a1800000, 0x00000000a8980000, 0x00000000e0800000)
  object space 116224K, 45% used [0x00000000a1800000,0x00000000a4bced50,0x00000000a8980000)
 Metaspace       used 32503K, capacity 32769K, committed 33152K, reserved 1079296K
  class space    used 4111K, capacity 4211K, committed 4224K, reserved 1048576K
Event: 11.883 GC heap after
Heap after GC invocations=19 (full 2):
 PSYoungGen      total 196608K, used 10112K [0x00000000e0800000, 0x00000000ee700000, 0x0000000100000000)
  eden space 183296K, 0% used [0x00000000e0800000,0x00000000e0800000,0x00000000ebb00000)
  from space 13312K, 75% used [0x00000000ebb00000,0x00000000ec4e0010,0x00000000ec800000)
  to   space 14336K, 0% used [0x00000000ed900000,0x00000000ed900000,0x00000000ee700000)
 ParOldGen       total 116224K, used 54087K [0x00000000a1800000, 0x00000000a8980000, 0x00000000e0800000)
  object space 116224K, 46% used [0x00000000a1800000,0x00000000a4cd1d80,0x00000000a8980000)
 Metaspace       used 32503K, capacity 32769K, committed 33152K, reserved 1079296K
  class space    used 4111K, capacity 4211K, committed 4224K, reserved 1048576K
}
Event: 12.902 GC heap before
{Heap before GC invocations=20 (full 2):
 PSYoungGen      total 196608K, used 193408K [0x00000000e0800000, 0x00000000ee700000, 0x0000000100000000)
  eden space 183296K, 100% used [0x00000000e0800000,0x00000000ebb00000,0x00000000ebb00000)
  from space 13312K, 75% used [0x00000000ebb00000,0x00000000ec4e0010,0x00000000ec800000)
  to   space 14336K, 0% used [0x00000000ed900000,0x00000000ed900000,0x00000000ee700000)
 ParOldGen       total 116224K, used 54087K [0x00000000a1800000, 0x00000000a8980000, 0x00000000e0800000)
  object space 116224K, 46% used [0x00000000a1800000,0x00000000a4cd1d80,0x00000000a8980000)
 Metaspace       used 32658K, capacity 32961K, committed 33408K, reserved 1079296K
  class space    used 4119K, capacity 4211K, committed 4224K, reserved 1048576K
Event: 12.914 GC heap after
Heap after GC invocations=20 (full 2):
 PSYoungGen      total 214528K, used 6944K [0x00000000e0800000, 0x00000000ef600000, 0x0000000100000000)
  eden space 200192K, 0% used [0x00000000e0800000,0x00000000e0800000,0x00000000ecb80000)
  from space 14336K, 48% used [0x00000000ed900000,0x00000000edfc8000,0x00000000ee700000)
  to   space 13824K, 0% used [0x00000000ecb80000,0x00000000ecb80000,0x00000000ed900000)
 ParOldGen       total 116224K, used 55527K [0x00000000a1800000, 0x00000000a8980000, 0x00000000e0800000)
  object space 116224K, 47% used [0x00000000a1800000,0x00000000a4e39cb8,0x00000000a8980000)
 Metaspace       used 32658K, capacity 32961K, committed 33408K, reserved 1079296K
  class space    used 4119K, capacity 4211K, committed 4224K, reserved 1048576K
}

